nohup: ignoring input
2025-08-17T11:47:13+00:00 [INFO] 🚀 Starting batched retry of failed embedding runs
2025-08-17T11:47:13+00:00 [INFO] ===============================================
2025-08-17T11:47:13+00:00 [INFO] Setting up environment...
2025-08-17T11:47:13+00:00 [INFO] Phase 1: Processing large run in batches...
2025-08-17T11:47:13+00:00 [INFO] 📊 Large run analysis:
2025-08-17T11:47:13+00:00 [INFO]   Run: 2025-08-15_021543_a9bf
2025-08-17T11:47:13+00:00 [INFO]   Total chunks: 11245
2025-08-17T11:47:13+00:00 [INFO]   Batch size: 1000
2025-08-17T11:47:13+00:00 [INFO]   Batches needed: 12
2025-08-17T11:47:13+00:00 [INFO] 
2025-08-17T11:47:13+00:00 [INFO] 🔥 Processing batch 1: 2025-08-15_021543_a9bf (max 1000 chunks)
2025-08-17T11:50:20+00:00 [INFO] ✅ SUCCESS: Batch 1 completed (187s)
2025-08-17T11:50:25+00:00 [INFO] 🔥 Processing batch 2: 2025-08-15_021543_a9bf (max 1000 chunks)
2025-08-17T11:51:08+00:00 [INFO] ✅ SUCCESS: Batch 2 completed (43s)
2025-08-17T11:51:13+00:00 [INFO] 🔥 Processing batch 3: 2025-08-15_021543_a9bf (max 1000 chunks)
2025-08-17T11:51:54+00:00 [INFO] ✅ SUCCESS: Batch 3 completed (41s)
2025-08-17T11:51:59+00:00 [INFO] 🔥 Processing batch 4: 2025-08-15_021543_a9bf (max 1000 chunks)
2025-08-17T11:52:40+00:00 [INFO] ✅ SUCCESS: Batch 4 completed (41s)
2025-08-17T11:52:45+00:00 [INFO] 🔥 Processing batch 5: 2025-08-15_021543_a9bf (max 1000 chunks)
2025-08-17T11:53:28+00:00 [INFO] ✅ SUCCESS: Batch 5 completed (43s)
2025-08-17T11:53:33+00:00 [INFO] 🔥 Processing batch 6: 2025-08-15_021543_a9bf (max 1000 chunks)
2025-08-17T11:54:15+00:00 [INFO] ✅ SUCCESS: Batch 6 completed (42s)
2025-08-17T11:54:20+00:00 [INFO] 🔥 Processing batch 7: 2025-08-15_021543_a9bf (max 1000 chunks)
2025-08-17T11:55:02+00:00 [INFO] ✅ SUCCESS: Batch 7 completed (42s)
2025-08-17T11:55:07+00:00 [INFO] 🔥 Processing batch 8: 2025-08-15_021543_a9bf (max 1000 chunks)
2025-08-17T11:55:48+00:00 [INFO] ✅ SUCCESS: Batch 8 completed (41s)
2025-08-17T11:55:53+00:00 [INFO] 🔥 Processing batch 9: 2025-08-15_021543_a9bf (max 1000 chunks)
2025-08-17T11:56:35+00:00 [INFO] ✅ SUCCESS: Batch 9 completed (42s)
2025-08-17T11:56:40+00:00 [INFO] 🔥 Processing batch 10: 2025-08-15_021543_a9bf (max 1000 chunks)
2025-08-17T11:57:22+00:00 [INFO] ✅ SUCCESS: Batch 10 completed (42s)
2025-08-17T11:57:27+00:00 [INFO] 🔥 Processing batch 11: 2025-08-15_021543_a9bf (max 1000 chunks)
2025-08-17T11:58:08+00:00 [INFO] ✅ SUCCESS: Batch 11 completed (41s)
2025-08-17T11:58:13+00:00 [INFO] 🔥 Processing batch 12: 2025-08-15_021543_a9bf (max 1000 chunks)
2025-08-17T11:58:54+00:00 [INFO] ✅ SUCCESS: Batch 12 completed (41s)
2025-08-17T11:58:59+00:00 [INFO] 🎯 Batched processing complete:
2025-08-17T11:58:59+00:00 [INFO]   Successful batches: 12/12
2025-08-17T11:58:59+00:00 [INFO]   Failed batches: 0
2025-08-17T11:58:59+00:00 [INFO] 
2025-08-17T11:58:59+00:00 [INFO] Phase 2: Processing small runs...
2025-08-17T11:58:59+00:00 [INFO] 🔥 Processing small run: 2025-08-15_035201_5a0d
2025-08-17T12:08:59+00:00 [ERROR] ❌ FAILED: 2025-08-15_035201_5a0d (exit code: 124, 600s)
2025-08-17T12:08:59+00:00 [INFO] 🔥 Processing small run: 2025-08-15_050056_9ec6
2025-08-17T12:18:59+00:00 [ERROR] ❌ FAILED: 2025-08-15_050056_9ec6 (exit code: 124, 600s)
2025-08-17T12:18:59+00:00 [INFO] Small runs complete: 0/2 successful, 2 failed
